<?xml version="1.0" encoding="UTF-8"?>
<testsuite xmlns:xsi="http://www.w3.org/2001/XMLSchema-instance" xsi:noNamespaceSchemaLocation="https://maven.apache.org/surefire/maven-surefire-plugin/xsd/surefire-test-report.xsd" version="3.0.2" name="unit_testing.OrderServiceTest" time="2.03" tests="7" errors="0" skipped="0" failures="0">
  <properties>
[...]
</properties>
  <testcase name="testCancelOrderInProduction" classname="unit_testing.OrderServiceTest" time="1.918">
    <system-err><![CDATA[Mockito is currently self-attaching to enable the inline-mock-maker. This will no longer work in future releases of the JDK. Please add Mockito as an agent to your build what is described in Mockito's documentation: https://javadoc.io/doc/org.mockito/mockito-core/latest/org/mockito/Mockito.html#0.3
WARNING: A Java agent has been loaded dynamically (C:\Users\s.samid\.m2\repository\net\bytebuddy\byte-buddy-agent\1.15.11\byte-buddy-agent-1.15.11.jar)
WARNING: If a serviceability tool is in use, please run with -XX:+EnableDynamicAgentLoading to hide this warning
WARNING: If a serviceability tool is not in use, please run with -Djdk.instrument.traceUsage for more information
WARNING: Dynamic loading of agents will be disallowed by default in a future release
]]></system-err>
  </testcase>
  <testcase name="testCreateOrderSuccess" classname="unit_testing.OrderServiceTest" time="0.026">
    <system-out><![CDATA[16:17:01.566 [main] INFO com.example.medjool.services.implementation.OrderServiceImpl -- New Order is being processed...
16:17:01.573 [main] INFO com.example.medjool.services.implementation.OrderServiceImpl -- OrderRequestDto{clientName='Fresh Fruits Inc', items=[com.example.medjool.dto.OrderItemRequestDto@534180a2], currency='null', productionDate=2025-06-24, shippingAddress='null'}
]]></system-out>
  </testcase>
  <testcase name="testCreateOrderWithMixedItems" classname="unit_testing.OrderServiceTest" time="0.015">
    <system-out><![CDATA[16:17:01.589 [main] INFO com.example.medjool.services.implementation.OrderServiceImpl -- New Order is being processed...
16:17:01.590 [main] INFO com.example.medjool.services.implementation.OrderServiceImpl -- OrderRequestDto{clientName='Fresh Fruits Inc', items=[com.example.medjool.dto.OrderItemRequestDto@3ba46e63], currency='EUR', productionDate=2025-06-24, shippingAddress='null'}
Required: 100.0, Available: 2000.0
Required: 900.0, Available: 1000.0
]]></system-out>
  </testcase>
  <testcase name="testCreateOrder_withProductNotFound" classname="unit_testing.OrderServiceTest" time="0.008">
    <system-out><![CDATA[16:17:01.604 [main] INFO com.example.medjool.services.implementation.OrderServiceImpl -- New Order is being processed...
16:17:01.604 [main] INFO com.example.medjool.services.implementation.OrderServiceImpl -- OrderRequestDto{clientName='Fresh Fruits Inc', items=[com.example.medjool.dto.OrderItemRequestDto@1f9f381d], currency='MAD', productionDate=2025-06-24, shippingAddress='null'}
]]></system-out>
  </testcase>
  <testcase name="testCancelOrderShipped_failed" classname="unit_testing.OrderServiceTest" time="0.009"/>
  <testcase name="testCreateOrder_withProductLowStock" classname="unit_testing.OrderServiceTest" time="0.007">
    <system-out><![CDATA[16:17:01.624 [main] INFO com.example.medjool.services.implementation.OrderServiceImpl -- New Order is being processed...
16:17:01.624 [main] INFO com.example.medjool.services.implementation.OrderServiceImpl -- OrderRequestDto{clientName='Fresh Fruits Inc', items=[com.example.medjool.dto.OrderItemRequestDto@4fa9ab6], currency='MAD', productionDate=2025-06-24, shippingAddress='null'}
]]></system-out>
  </testcase>
  <testcase name="testCreateOrder_withInActiveClient" classname="unit_testing.OrderServiceTest" time="0.009">
    <system-out><![CDATA[16:17:01.633 [main] INFO com.example.medjool.services.implementation.OrderServiceImpl -- New Order is being processed...
16:17:01.634 [main] INFO com.example.medjool.services.implementation.OrderServiceImpl -- OrderRequestDto{clientName='Fresh Fruits Inc', items=[com.example.medjool.dto.OrderItemRequestDto@5a08efdc], currency='MAD', productionDate=2025-06-24, shippingAddress='null'}
]]></system-out>
  </testcase>
</testsuite>